<?xml version="1.0" encoding="UTF-8"?>
<testsuite name="StudentDAOImplTest" tests="1" skipped="0" failures="0" errors="0" timestamp="2016-02-09T10:49:35" hostname="localhost" time="0.001">
  <properties/>
  <testcase name="checkCRUD" classname="StudentDAOImplTest" time="0.001"/>
  <system-out><![CDATA[]]></system-out>
  <system-err><![CDATA[]]></system-err>
</testsuite>
